INFO:root:================================== NEW LOG ==================================
INFO:root:Creating Qt application
INFO:root:Setting application style
INFO:root:Initializing the XenoTrade kernel
INFO:root:Setting the kernel's current user.
INFO:root:Setting number of threads in task manager: 15
INFO:root:Setting number of processes in task manager: 2
INFO:root:Resetting the task manager's thread pool
INFO:root:Resetting the task manager's process pool
INFO:root:Resetting the network task history
INFO:root:Initializing XenoTrade GUI
INFO:root:Initializing the login widget.
INFO:root:Hiding the new user form
INFO:root:Hiding the login form
INFO:root:Revealing the new user form.
INFO:root:Hiding the login form
INFO:root:submitting request to add new account.
INFO:root:Verifying that smalbadger is a Robinhood user
INFO:root:Attempting to add user smalbadger.
INFO:root:Attempting to switch user to smalbadger.
INFO:root:Creating User Object
INFO:root:Checking smalbadger's credentials.
INFO:root:================================== NEW LOG ==================================
INFO:root:Creating Qt application
INFO:root:Setting application style
INFO:root:Initializing the XenoTrade kernel
INFO:root:Setting the kernel's current user.
INFO:root:Setting number of threads in task manager: 15
INFO:root:Setting number of processes in task manager: 2
INFO:root:Resetting the task manager's thread pool
INFO:root:Resetting the task manager's process pool
INFO:root:Resetting the network task history
INFO:root:Initializing XenoTrade GUI
INFO:root:Initializing the login widget.
INFO:root:Hiding the new user form
INFO:root:Hiding the login form
INFO:root:Revealing the new user form.
INFO:root:Hiding the login form
INFO:root:submitting request to add new account.
INFO:root:Verifying that smalbadger is a Robinhood user
INFO:root:Attempting to add user smalbadger.
INFO:root:Attempting to switch user to smalbadger.
INFO:root:Creating User Object
INFO:root:Checking smalbadger's credentials.
